<?xml version="1.0" encoding="UTF-8"?>
<!-- Generated by org.testng.reporters.JUnitXMLReporter -->
<testsuite hostname="HP" ignored="0" name="chromeTest" tests="1" failures="0" timestamp="25 Sep 2019 13:59:42 GMT" time="7.269" errors="0">
  <testcase name="@BeforeTest setup" time="0.0" classname="Selinium.com.testng.AnnotationDemo">
    <failure type="java.lang.NullPointerException">
      <![CDATA[java.lang.NullPointerException
	at Selinium.com.testng.AnnotationDemo.setup(AnnotationDemo.java:43)
... Removed 23 stack frames]]>
    </failure>
  </testcase> <!-- @BeforeTest setup -->
  <testcase name="testparameterwithXML" time="0.125" classname="Selinium.com.testng.AnnotationDemo">
    <skipped/>
  </testcase> <!-- testparameterwithXML -->
</testsuite> <!-- chromeTest -->
