<?xml version="1.0" encoding="UTF-8"?>
<!-- Generated by org.testng.reporters.JUnitXMLReporter -->
<testsuite hostname="HP" ignored="2" name="Parameter Test one" tests="1" failures="0" timestamp="04 Oct 2019 17:20:41 GMT" time="0.047" errors="0">
  <testcase name="parametermethod1" time="0.016" classname="Selinium.com.testng.Prameeterofdemo"/>
  <testcase name="parametermethod2" time="0.0" classname="Selinium.com.testng.Prameeterofdemo">
    <ignored/>
  </testcase> <!-- parametermethod2 -->
  <testcase name="prameterTestThree" time="0.0" classname="Selinium.com.testng.Prameeterofdemo">
    <ignored/>
  </testcase> <!-- prameterTestThree -->
</testsuite> <!-- Parameter Test one -->
