<?xml version="1.0" encoding="UTF-8"?>
<!-- Generated by org.testng.reporters.JUnitXMLReporter -->
<testsuite hostname="HP" ignored="0" name="ChromeTest" tests="1" failures="0" timestamp="25 Sep 2019 16:36:56 GMT" time="8.747" errors="0">
  <testcase name="@BeforeTest setup" time="0.0" classname="Selinium.com.testng.AnnotationDemo">
    <failure type="java.lang.NullPointerException">
      <![CDATA[java.lang.NullPointerException
	at Selinium.com.testng.AnnotationDemo.setup(AnnotationDemo.java:43)
	at java.util.concurrent.FutureTask.run(Unknown Source)
	at java.util.concurrent.ThreadPoolExecutor.runWorker(Unknown Source)
	at java.util.concurrent.ThreadPoolExecutor$Worker.run(Unknown Source)
	at java.lang.Thread.run(Unknown Source)
... Removed 14 stack frames]]>
    </failure>
  </testcase> <!-- @BeforeTest setup -->
  <testcase name="testparameterwithXML" time="0.23" classname="Selinium.com.testng.AnnotationDemo">
    <skipped/>
  </testcase> <!-- testparameterwithXML -->
</testsuite> <!-- ChromeTest -->
